<?xml version="1.0" encoding="UTF-8"?>
<!-- Generated by org.testng.reporters.JUnitXMLReporter -->
<testsuite hostname="AMX-RL-19-255-W" ignored="5" name="Default test" tests="1" failures="0" timestamp="28 Aug 2020 01:03:47 GMT" time="30.227" errors="0">
  <testcase name="verifyPage" time="5.437" classname="com.org.qa.testcases.CreateLeadPage"/>
  <testcase name="verifypagetitle" time="0.0" classname="com.org.qa.testcases.CreateLeadPage">
    <ignored/>
  </testcase> <!-- verifypagetitle -->
  <testcase name="verifyPage" time="0.0" classname="com.org.qa.testcases.CreateLeadPage">
    <ignored/>
  </testcase> <!-- verifyPage -->
  <testcase name="verifypagename" time="0.0" classname="com.org.qa.testcases.CreateLeadPage">
    <ignored/>
  </testcase> <!-- verifypagename -->
  <testcase name="verifyleadtitle" time="0.0" classname="com.org.qa.testcases.CreateLeadPage">
    <ignored/>
  </testcase> <!-- verifyleadtitle -->
  <testcase name="verifyfirstname" time="0.0" classname="com.org.qa.testcases.CreateLeadPage">
    <ignored/>
  </testcase> <!-- verifyfirstname -->
</testsuite> <!-- Default test -->
