<?xml version="1.0" encoding="UTF-8"?>
<!-- Generated by org.testng.reporters.JUnitXMLReporter -->
<testsuite hostname="AMX-RL-19-255-W" ignored="1" name="Smoke test cases" tests="5" failures="0" timestamp="11 Dec 2020 16:05:24 GMT" time="18.169" errors="0">
  <testcase name="verifypagename" time="0.057" classname="com.org.qa.testcases.CreateLeadPage"/>
  <testcase name="verifypagetitle" time="0.027" classname="com.org.qa.testcases.CreateLeadPage"/>
  <testcase name="verifyPage" time="4.541" classname="com.org.qa.testcases.CreateLeadPage"/>
  <testcase name="verifyfirstname" time="0.06" classname="com.org.qa.testcases.CreateLeadPage"/>
  <testcase name="verifyleadtitle" time="0.011" classname="com.org.qa.testcases.CreateLeadPage"/>
  <testcase name="verifyPage" time="0.0" classname="com.org.qa.testcases.CreateLeadPage">
    <ignored/>
  </testcase> <!-- verifyPage -->
</testsuite> <!-- Smoke test cases -->
