<?xml version="1.0" encoding="UTF-8"?>
<!-- Generated by org.testng.reporters.JUnitXMLReporter -->
<testsuite ignored="4" hostname="AMX-RL-19-255-W" failures="0" tests="2" name="Smoke test cases" time="16.959" errors="0" timestamp="26 Jul 2020 12:23:11 GMT">
  <testcase classname="com.org.qa.testcases.CreateLeadPage" name="verifyPage" time="3.194"/>
  <testcase classname="com.org.qa.testcases.LoginPageTest" name="verifylogo" time="0.07"/>
  <testcase classname="com.org.qa.testcases.CreateLeadPage" name="verifypagetitle" time="0.0">
    <ignored/>
  </testcase> <!-- verifypagetitle -->
  <testcase classname="com.org.qa.testcases.CreateLeadPage" name="verifyPage" time="0.0">
    <ignored/>
  </testcase> <!-- verifyPage -->
  <testcase classname="com.org.qa.testcases.CreateLeadPage" name="verifypagename" time="0.0">
    <ignored/>
  </testcase> <!-- verifypagename -->
  <testcase classname="com.org.qa.testcases.CreateLeadPage" name="verifyleadtitle" time="0.0">
    <ignored/>
  </testcase> <!-- verifyleadtitle -->
</testsuite> <!-- Smoke test cases -->
