<?xml version="1.0" encoding="UTF-8"?>
<testng-results ignored="4" total="6" passed="2" failed="0" skipped="0">
  <reporter-output>
  </reporter-output>
  <suite started-at="2020-08-02T10:46:45Z" name="Suite for Smoke testing" finished-at="2020-08-02T10:47:04Z" duration-ms="19643">
    <groups>
    </groups>
    <test started-at="2020-08-02T10:46:45Z" name="Smoke test cases" finished-at="2020-08-02T10:47:04Z" duration-ms="19643">
      <class name="com.org.qa.testcases.LoginPageTest">
        <test-method is-config="true" signature="setup()[pri:0, instance:com.org.qa.testcases.LoginPageTest@14a2f921]" started-at="2020-08-02T10:46:37Z" name="setup" finished-at="2020-08-02T10:46:45Z" duration-ms="7966" status="PASS">
          <reporter-output>
          </reporter-output>
        </test-method> <!-- setup -->
        <test-method signature="verifylogo()[pri:1, instance:com.org.qa.testcases.LoginPageTest@14a2f921]" started-at="2020-08-02T10:47:04Z" name="verifylogo" finished-at="2020-08-02T10:47:04Z" duration-ms="153" status="PASS">
          <reporter-output>
          </reporter-output>
        </test-method> <!-- verifylogo -->
        <test-method is-config="true" signature="teardown()[pri:0, instance:com.org.qa.testcases.LoginPageTest@14a2f921]" started-at="2020-08-02T10:47:04Z" name="teardown" finished-at="2020-08-02T10:47:04Z" duration-ms="0" status="PASS">
          <reporter-output>
          </reporter-output>
        </test-method> <!-- teardown -->
      </class> <!-- com.org.qa.testcases.LoginPageTest -->
      <class name="com.org.qa.testcases.CreateLeadPage">
        <test-method is-config="true" signature="setUp()[pri:0, instance:com.org.qa.testcases.CreateLeadPage@3c87521]" started-at="2020-08-02T10:46:45Z" name="setUp" finished-at="2020-08-02T10:46:57Z" duration-ms="12658" status="PASS">
          <reporter-output>
          </reporter-output>
        </test-method> <!-- setUp -->
        <test-method signature="verifyPage()[pri:0, instance:com.org.qa.testcases.CreateLeadPage@3c87521]" started-at="2020-08-02T10:46:57Z" name="verifyPage" finished-at="2020-08-02T10:47:03Z" duration-ms="6011" status="PASS">
          <reporter-output>
          </reporter-output>
        </test-method> <!-- verifyPage -->
        <test-method is-config="true" signature="teardown()[pri:0, instance:com.org.qa.testcases.CreateLeadPage@3c87521]" started-at="2020-08-02T10:47:03Z" name="teardown" finished-at="2020-08-02T10:47:04Z" duration-ms="786" status="PASS">
          <reporter-output>
          </reporter-output>
        </test-method> <!-- teardown -->
      </class> <!-- com.org.qa.testcases.CreateLeadPage -->
    </test> <!-- Smoke test cases -->
  </suite> <!-- Suite for Smoke testing -->
</testng-results>
