<?xml version="1.0" encoding="UTF-8"?>
<testng-results ignored="0" total="3" passed="3" failed="0" skipped="0">
  <reporter-output>
  </reporter-output>
  <suite started-at="2020-07-26T14:50:55Z" name="com.org.qa.testcases.LoginPageTest" finished-at="2020-07-26T14:51:02Z" duration-ms="6742">
    <groups>
    </groups>
    <test started-at="2020-07-26T14:50:55Z" name="Command line test" finished-at="2020-07-26T14:51:02Z" duration-ms="6742">
      <class name="com.org.qa.testcases.LoginPageTest">
        <test-method is-config="true" signature="setup()[pri:0, instance:com.org.qa.testcases.LoginPageTest@64cd705f]" started-at="2020-07-26T14:50:46Z" name="setup" finished-at="2020-07-26T14:50:55Z" duration-ms="8639" status="PASS">
          <reporter-output>
          </reporter-output>
        </test-method> <!-- setup -->
        <test-method signature="verifylogo()[pri:1, instance:com.org.qa.testcases.LoginPageTest@64cd705f]" started-at="2020-07-26T14:50:55Z" name="verifylogo" finished-at="2020-07-26T14:50:55Z" duration-ms="174" status="PASS">
          <reporter-output>
          </reporter-output>
        </test-method> <!-- verifylogo -->
        <test-method signature="verifyPageTitle()[pri:2, instance:com.org.qa.testcases.LoginPageTest@64cd705f]" started-at="2020-07-26T14:50:55Z" name="verifyPageTitle" finished-at="2020-07-26T14:50:55Z" duration-ms="11" status="PASS">
          <reporter-output>
          </reporter-output>
        </test-method> <!-- verifyPageTitle -->
        <test-method signature="loginTest()[pri:3, instance:com.org.qa.testcases.LoginPageTest@64cd705f]" started-at="2020-07-26T14:50:55Z" name="loginTest" finished-at="2020-07-26T14:51:02Z" duration-ms="6522" status="PASS">
          <reporter-output>
          </reporter-output>
        </test-method> <!-- loginTest -->
        <test-method is-config="true" signature="teardown()[pri:0, instance:com.org.qa.testcases.LoginPageTest@64cd705f]" started-at="2020-07-26T14:51:02Z" name="teardown" finished-at="2020-07-26T14:51:03Z" duration-ms="775" status="PASS">
          <reporter-output>
          </reporter-output>
        </test-method> <!-- teardown -->
      </class> <!-- com.org.qa.testcases.LoginPageTest -->
    </test> <!-- Command line test -->
  </suite> <!-- com.org.qa.testcases.LoginPageTest -->
</testng-results>
