<?xml version="1.0" encoding="UTF-8"?>
<!-- Generated by org.testng.reporters.JUnitXMLReporter -->
<testsuite ignored="0" hostname="AMX-RL-19-255-W" failures="2" tests="13" name="RetryMultipleFailedTestCases" time="5.678" errors="0" timestamp="19 Jul 2020 14:37:39 GMT">
  <testcase classname="PracticesDemo.TestCase" name="Test1" time="0.007">
    <skipped/>
  </testcase> <!-- Test1 -->
  <testcase classname="PracticesDemo.TestCase" name="Test1" time="0.002">
    <skipped/>
  </testcase> <!-- Test1 -->
  <testcase classname="PracticesDemo.TestCase" name="Test1" time="0.002">
    <skipped/>
  </testcase> <!-- Test1 -->
  <testcase classname="PracticesDemo.TestCase" name="Test1" time="0.002">
    <failure type="java.lang.AssertionError" message="expected [false] but found [true]">
      <![CDATA[java.lang.AssertionError: expected [false] but found [true]
at PracticesDemo.TestCase.Test1(TestCase.java:15)
... Removed 31 stack frames]]>
    </failure>
  </testcase> <!-- Test1 -->
  <testcase classname="PracticesDemo.TestCase" name="Test2" time="0.003">
    <skipped/>
  </testcase> <!-- Test2 -->
  <testcase classname="PracticesDemo.TestCase" name="Test2" time="0.006">
    <skipped/>
  </testcase> <!-- Test2 -->
  <testcase classname="PracticesDemo.TestCase" name="Test2" time="0.003">
    <skipped/>
  </testcase> <!-- Test2 -->
  <testcase classname="PracticesDemo.TestCase" name="Test2" time="0.002">
    <failure type="java.lang.AssertionError" message="expected [true] but found [false]">
      <![CDATA[java.lang.AssertionError: expected [true] but found [false]
at PracticesDemo.TestCase.Test2(TestCase.java:21)
... Removed 31 stack frames]]>
    </failure>
  </testcase> <!-- Test2 -->
  <testcase classname="PracticesDemo.TestNGClass" name="Login" time="0.584"/>
  <testcase classname="PracticesDemo.TestNGClass" name="crm" time="2.547"/>
  <testcase classname="PracticesDemo.TestNGClass" name="lead" time="0.986"/>
  <testcase classname="PracticesDemo.TestNGClass" name="cname" time="0.133"/>
  <testcase classname="PracticesDemo.TestNGClass" name="name" time="0.146"/>
</testsuite> <!-- RetryMultipleFailedTestCases -->
