<?xml version="1.0" encoding="UTF-8"?>
<testng-results ignored="4" total="6" passed="2" failed="0" skipped="0">
  <reporter-output>
  </reporter-output>
  <suite started-at="2020-08-02T09:36:19Z" name="Suite for Smoke testing" finished-at="2020-08-02T09:36:40Z" duration-ms="20550">
    <groups>
    </groups>
    <test started-at="2020-08-02T09:36:19Z" name="Smoke test cases" finished-at="2020-08-02T09:36:40Z" duration-ms="20550">
      <class name="com.org.qa.testcases.LoginPageTest">
        <test-method is-config="true" signature="setup()[pri:0, instance:com.org.qa.testcases.LoginPageTest@43ee72e6]" started-at="2020-08-02T09:36:11Z" name="setup" finished-at="2020-08-02T09:36:19Z" duration-ms="8383" status="PASS">
          <reporter-output>
          </reporter-output>
        </test-method> <!-- setup -->
        <test-method signature="verifylogo()[pri:1, instance:com.org.qa.testcases.LoginPageTest@43ee72e6]" started-at="2020-08-02T09:36:39Z" name="verifylogo" finished-at="2020-08-02T09:36:40Z" duration-ms="116" status="PASS">
          <reporter-output>
          </reporter-output>
        </test-method> <!-- verifylogo -->
        <test-method is-config="true" signature="teardown()[pri:0, instance:com.org.qa.testcases.LoginPageTest@43ee72e6]" started-at="2020-08-02T09:36:40Z" name="teardown" finished-at="2020-08-02T09:36:40Z" duration-ms="0" status="PASS">
          <reporter-output>
          </reporter-output>
        </test-method> <!-- teardown -->
      </class> <!-- com.org.qa.testcases.LoginPageTest -->
      <class name="com.org.qa.testcases.CreateLeadPage">
        <test-method is-config="true" signature="setUp()[pri:0, instance:com.org.qa.testcases.CreateLeadPage@23529fee]" started-at="2020-08-02T09:36:19Z" name="setUp" finished-at="2020-08-02T09:36:33Z" duration-ms="13858" status="PASS">
          <reporter-output>
          </reporter-output>
        </test-method> <!-- setUp -->
        <test-method signature="verifyPage()[pri:0, instance:com.org.qa.testcases.CreateLeadPage@23529fee]" started-at="2020-08-02T09:36:33Z" name="verifyPage" finished-at="2020-08-02T09:36:38Z" duration-ms="5261" status="PASS">
          <reporter-output>
          </reporter-output>
        </test-method> <!-- verifyPage -->
        <test-method is-config="true" signature="teardown()[pri:0, instance:com.org.qa.testcases.CreateLeadPage@23529fee]" started-at="2020-08-02T09:36:38Z" name="teardown" finished-at="2020-08-02T09:36:39Z" duration-ms="1278" status="PASS">
          <reporter-output>
          </reporter-output>
        </test-method> <!-- teardown -->
      </class> <!-- com.org.qa.testcases.CreateLeadPage -->
    </test> <!-- Smoke test cases -->
  </suite> <!-- Suite for Smoke testing -->
</testng-results>
