<?xml version="1.0" encoding="UTF-8"?>
<!-- Generated by org.testng.reporters.JUnitXMLReporter -->
<testsuite ignored="0" hostname="AMX-RL-19-255-W" failures="0" tests="3" name="Command line test" time="6.742" errors="0" timestamp="26 Jul 2020 14:51:02 GMT">
  <testcase classname="com.org.qa.testcases.LoginPageTest" name="verifylogo" time="0.174"/>
  <testcase classname="com.org.qa.testcases.LoginPageTest" name="verifyPageTitle" time="0.011"/>
  <testcase classname="com.org.qa.testcases.LoginPageTest" name="loginTest" time="6.522"/>
</testsuite> <!-- Command line test -->
